[2022-05-20 14:41:13][1] Processing: Domain\DocumentProcessing\Jobs\ApplyDocumentProcessingJob
[2022-05-20 14:41:13][1] Processed:  Domain\DocumentProcessing\Jobs\ApplyDocumentProcessingJob
[2022-05-20 14:41:13][2] Processing: Domain\DocumentProcessing\Jobs\ApplyDocumentProcessingJob
[2022-05-20 14:41:13][2] Processed:  Domain\DocumentProcessing\Jobs\ApplyDocumentProcessingJob
[2022-05-20 14:41:14][3] Processing: Domain\DocumentProcessing\Jobs\ApplyDocumentProcessingJob
[2022-05-20 14:41:14][3] Processed:  Domain\DocumentProcessing\Jobs\ApplyDocumentProcessingJob
[2022-05-20 14:41:14][4] Processing: Domain\DocumentProcessing\Jobs\ApplyDocumentProcessingJob
[2022-05-20 14:41:14][4] Processed:  Domain\DocumentProcessing\Jobs\ApplyDocumentProcessingJob
[2022-05-20 14:41:14][5] Processing: Domain\DocumentProcessing\Jobs\ApplyDocumentProcessingJob
[2022-05-20 14:41:15][5] Processed:  Domain\DocumentProcessing\Jobs\ApplyDocumentProcessingJob
[2022-05-20 14:41:15][6] Processing: Domain\DocumentProcessing\Jobs\ApplyDocumentProcessingJob
[2022-05-20 14:41:15][6] Processed:  Domain\DocumentProcessing\Jobs\ApplyDocumentProcessingJob

   UnexpectedValueException 

  The stream or file "/var/www/html/storage/logs/laravel.log" could not be opened in append mode: Failed to open stream: Permission denied
The exception occurred while attempting to log: The stream or file "/var/www/html/storage/logs/laravel.log" could not be opened in append mode: Failed to open stream: Permission denied
The exception occurred while attempting to log: The stream or file "/var/www/html/storage/logs/laravel.log" could not be opened in append mode: Failed to open stream: Permission denied
The exception occurred while attempting to log: SQLSTATE[08006] [7] could not translate host name "pgsql" to address: Temporary failure in name resolution
Context: {"exception":{"errorInfo":["08006",7,"could not translate host name \"pgsql\" to address: Temporary failure in name resolution"]}}
Context: {"exception":{}}
Context: {"exception":{}}

  at vendor/monolog/monolog/src/Monolog/Handler/StreamHandler.php:146
    142▕             restore_error_handler();
    143▕             if (!is_resource($stream)) {
    144▕                 $this->stream = null;
    145▕ 
  ➜ 146▕                 throw new \UnexpectedValueException(sprintf('The stream or file "%s" could not be opened in append mode: '.$this->errorMessage, $url) . Utils::getRecordMessageForException($record));
    147▕             }
    148▕             stream_set_chunk_size($stream, $this->streamChunkSize);
    149▕             $this->stream = $stream;
    150▕         }

      [2m+10 vendor frames [22m
  11  [internal]:0
      Illuminate\Foundation\Bootstrap\HandleExceptions::Illuminate\Foundation\Bootstrap\{closure}(Object(UnexpectedValueException))

   UnexpectedValueException 

  The stream or file "/var/www/html/storage/logs/laravel.log" could not be opened in append mode: Failed to open stream: Permission denied
The exception occurred while attempting to log: The stream or file "/var/www/html/storage/logs/laravel.log" could not be opened in append mode: Failed to open stream: Permission denied
The exception occurred while attempting to log: The stream or file "/var/www/html/storage/logs/laravel.log" could not be opened in append mode: Failed to open stream: Permission denied
The exception occurred while attempting to log: SQLSTATE[08006] [7] could not translate host name "pgsql" to address: Temporary failure in name resolution
Context: {"exception":{"errorInfo":["08006",7,"could not translate host name \"pgsql\" to address: Temporary failure in name resolution"]}}
Context: {"exception":{}}
Context: {"exception":{}}

  at vendor/monolog/monolog/src/Monolog/Handler/StreamHandler.php:146
    142▕             restore_error_handler();
    143▕             if (!is_resource($stream)) {
    144▕                 $this->stream = null;
    145▕ 
  ➜ 146▕                 throw new \UnexpectedValueException(sprintf('The stream or file "%s" could not be opened in append mode: '.$this->errorMessage, $url) . Utils::getRecordMessageForException($record));
    147▕             }
    148▕             stream_set_chunk_size($stream, $this->streamChunkSize);
    149▕             $this->stream = $stream;
    150▕         }

      [2m+10 vendor frames [22m
  11  [internal]:0
      Illuminate\Foundation\Bootstrap\HandleExceptions::Illuminate\Foundation\Bootstrap\{closure}(Object(UnexpectedValueException))

   UnexpectedValueException 

  The stream or file "/var/www/html/storage/logs/laravel.log" could not be opened in append mode: Failed to open stream: Permission denied
The exception occurred while attempting to log: The stream or file "/var/www/html/storage/logs/laravel.log" could not be opened in append mode: Failed to open stream: Permission denied
The exception occurred while attempting to log: The stream or file "/var/www/html/storage/logs/laravel.log" could not be opened in append mode: Failed to open stream: Permission denied
The exception occurred while attempting to log: SQLSTATE[08006] [7] could not translate host name "pgsql" to address: Temporary failure in name resolution
Context: {"exception":{"errorInfo":["08006",7,"could not translate host name \"pgsql\" to address: Temporary failure in name resolution"]}}
Context: {"exception":{}}
Context: {"exception":{}}

  at vendor/monolog/monolog/src/Monolog/Handler/StreamHandler.php:146
    142▕             restore_error_handler();
    143▕             if (!is_resource($stream)) {
    144▕                 $this->stream = null;
    145▕ 
  ➜ 146▕                 throw new \UnexpectedValueException(sprintf('The stream or file "%s" could not be opened in append mode: '.$this->errorMessage, $url) . Utils::getRecordMessageForException($record));
    147▕             }
    148▕             stream_set_chunk_size($stream, $this->streamChunkSize);
    149▕             $this->stream = $stream;
    150▕         }

      [2m+10 vendor frames [22m
  11  [internal]:0
      Illuminate\Foundation\Bootstrap\HandleExceptions::Illuminate\Foundation\Bootstrap\{closure}(Object(UnexpectedValueException))

   UnexpectedValueException 

  The stream or file "/var/www/html/storage/logs/laravel.log" could not be opened in append mode: Failed to open stream: Permission denied
The exception occurred while attempting to log: The stream or file "/var/www/html/storage/logs/laravel.log" could not be opened in append mode: Failed to open stream: Permission denied
The exception occurred while attempting to log: The stream or file "/var/www/html/storage/logs/laravel.log" could not be opened in append mode: Failed to open stream: Permission denied
The exception occurred while attempting to log: SQLSTATE[08006] [7] could not translate host name "pgsql" to address: Temporary failure in name resolution
Context: {"exception":{"errorInfo":["08006",7,"could not translate host name \"pgsql\" to address: Temporary failure in name resolution"]}}
Context: {"exception":{}}
Context: {"exception":{}}

  at vendor/monolog/monolog/src/Monolog/Handler/StreamHandler.php:146
    142▕             restore_error_handler();
    143▕             if (!is_resource($stream)) {
    144▕                 $this->stream = null;
    145▕ 
  ➜ 146▕                 throw new \UnexpectedValueException(sprintf('The stream or file "%s" could not be opened in append mode: '.$this->errorMessage, $url) . Utils::getRecordMessageForException($record));
    147▕             }
    148▕             stream_set_chunk_size($stream, $this->streamChunkSize);
    149▕             $this->stream = $stream;
    150▕         }

      [2m+10 vendor frames [22m
  11  [internal]:0
      Illuminate\Foundation\Bootstrap\HandleExceptions::Illuminate\Foundation\Bootstrap\{closure}(Object(UnexpectedValueException))

   UnexpectedValueException 

  The stream or file "/var/www/html/storage/logs/laravel.log" could not be opened in append mode: Failed to open stream: Permission denied
The exception occurred while attempting to log: The stream or file "/var/www/html/storage/logs/laravel.log" could not be opened in append mode: Failed to open stream: Permission denied
The exception occurred while attempting to log: The stream or file "/var/www/html/storage/logs/laravel.log" could not be opened in append mode: Failed to open stream: Permission denied
The exception occurred while attempting to log: SQLSTATE[08006] [7] could not translate host name "pgsql" to address: Temporary failure in name resolution
Context: {"exception":{"errorInfo":["08006",7,"could not translate host name \"pgsql\" to address: Temporary failure in name resolution"]}}
Context: {"exception":{}}
Context: {"exception":{}}

  at vendor/monolog/monolog/src/Monolog/Handler/StreamHandler.php:146
    142▕             restore_error_handler();
    143▕             if (!is_resource($stream)) {
    144▕                 $this->stream = null;
    145▕ 
  ➜ 146▕                 throw new \UnexpectedValueException(sprintf('The stream or file "%s" could not be opened in append mode: '.$this->errorMessage, $url) . Utils::getRecordMessageForException($record));
    147▕             }
    148▕             stream_set_chunk_size($stream, $this->streamChunkSize);
    149▕             $this->stream = $stream;
    150▕         }

      [2m+10 vendor frames [22m
  11  [internal]:0
      Illuminate\Foundation\Bootstrap\HandleExceptions::Illuminate\Foundation\Bootstrap\{closure}(Object(UnexpectedValueException))

   UnexpectedValueException 

  The stream or file "/var/www/html/storage/logs/laravel.log" could not be opened in append mode: Failed to open stream: Permission denied
The exception occurred while attempting to log: The stream or file "/var/www/html/storage/logs/laravel.log" could not be opened in append mode: Failed to open stream: Permission denied
The exception occurred while attempting to log: The stream or file "/var/www/html/storage/logs/laravel.log" could not be opened in append mode: Failed to open stream: Permission denied
The exception occurred while attempting to log: SQLSTATE[08006] [7] could not translate host name "pgsql" to address: Temporary failure in name resolution
Context: {"exception":{"errorInfo":["08006",7,"could not translate host name \"pgsql\" to address: Temporary failure in name resolution"]}}
Context: {"exception":{}}
Context: {"exception":{}}

  at vendor/monolog/monolog/src/Monolog/Handler/StreamHandler.php:146
    142▕             restore_error_handler();
    143▕             if (!is_resource($stream)) {
    144▕                 $this->stream = null;
    145▕ 
  ➜ 146▕                 throw new \UnexpectedValueException(sprintf('The stream or file "%s" could not be opened in append mode: '.$this->errorMessage, $url) . Utils::getRecordMessageForException($record));
    147▕             }
    148▕             stream_set_chunk_size($stream, $this->streamChunkSize);
    149▕             $this->stream = $stream;
    150▕         }

      [2m+10 vendor frames [22m
  11  [internal]:0
      Illuminate\Foundation\Bootstrap\HandleExceptions::Illuminate\Foundation\Bootstrap\{closure}(Object(UnexpectedValueException))

   UnexpectedValueException 

  The stream or file "/var/www/html/storage/logs/laravel.log" could not be opened in append mode: Failed to open stream: Permission denied
The exception occurred while attempting to log: The stream or file "/var/www/html/storage/logs/laravel.log" could not be opened in append mode: Failed to open stream: Permission denied
The exception occurred while attempting to log: The stream or file "/var/www/html/storage/logs/laravel.log" could not be opened in append mode: Failed to open stream: Permission denied
The exception occurred while attempting to log: SQLSTATE[08006] [7] could not translate host name "pgsql" to address: Temporary failure in name resolution
Context: {"exception":{"errorInfo":["08006",7,"could not translate host name \"pgsql\" to address: Temporary failure in name resolution"]}}
Context: {"exception":{}}
Context: {"exception":{}}

  at vendor/monolog/monolog/src/Monolog/Handler/StreamHandler.php:146
    142▕             restore_error_handler();
    143▕             if (!is_resource($stream)) {
    144▕                 $this->stream = null;
    145▕ 
  ➜ 146▕                 throw new \UnexpectedValueException(sprintf('The stream or file "%s" could not be opened in append mode: '.$this->errorMessage, $url) . Utils::getRecordMessageForException($record));
    147▕             }
    148▕             stream_set_chunk_size($stream, $this->streamChunkSize);
    149▕             $this->stream = $stream;
    150▕         }

      [2m+10 vendor frames [22m
  11  [internal]:0
      Illuminate\Foundation\Bootstrap\HandleExceptions::Illuminate\Foundation\Bootstrap\{closure}(Object(UnexpectedValueException))

   UnexpectedValueException 

  The stream or file "/var/www/html/storage/logs/laravel.log" could not be opened in append mode: Failed to open stream: Permission denied
The exception occurred while attempting to log: The stream or file "/var/www/html/storage/logs/laravel.log" could not be opened in append mode: Failed to open stream: Permission denied
The exception occurred while attempting to log: The stream or file "/var/www/html/storage/logs/laravel.log" could not be opened in append mode: Failed to open stream: Permission denied
The exception occurred while attempting to log: SQLSTATE[08006] [7] could not translate host name "pgsql" to address: Temporary failure in name resolution
Context: {"exception":{"errorInfo":["08006",7,"could not translate host name \"pgsql\" to address: Temporary failure in name resolution"]}}
Context: {"exception":{}}
Context: {"exception":{}}

  at vendor/monolog/monolog/src/Monolog/Handler/StreamHandler.php:146
    142▕             restore_error_handler();
    143▕             if (!is_resource($stream)) {
    144▕                 $this->stream = null;
    145▕ 
  ➜ 146▕                 throw new \UnexpectedValueException(sprintf('The stream or file "%s" could not be opened in append mode: '.$this->errorMessage, $url) . Utils::getRecordMessageForException($record));
    147▕             }
    148▕             stream_set_chunk_size($stream, $this->streamChunkSize);
    149▕             $this->stream = $stream;
    150▕         }

      [2m+10 vendor frames [22m
  11  [internal]:0
      Illuminate\Foundation\Bootstrap\HandleExceptions::Illuminate\Foundation\Bootstrap\{closure}(Object(UnexpectedValueException))

   UnexpectedValueException 

  The stream or file "/var/www/html/storage/logs/laravel.log" could not be opened in append mode: Failed to open stream: Permission denied
The exception occurred while attempting to log: The stream or file "/var/www/html/storage/logs/laravel.log" could not be opened in append mode: Failed to open stream: Permission denied
The exception occurred while attempting to log: The stream or file "/var/www/html/storage/logs/laravel.log" could not be opened in append mode: Failed to open stream: Permission denied
The exception occurred while attempting to log: SQLSTATE[08006] [7] could not translate host name "pgsql" to address: Temporary failure in name resolution
Context: {"exception":{"errorInfo":["08006",7,"could not translate host name \"pgsql\" to address: Temporary failure in name resolution"]}}
Context: {"exception":{}}
Context: {"exception":{}}

  at vendor/monolog/monolog/src/Monolog/Handler/StreamHandler.php:146
    142▕             restore_error_handler();
    143▕             if (!is_resource($stream)) {
    144▕                 $this->stream = null;
    145▕ 
  ➜ 146▕                 throw new \UnexpectedValueException(sprintf('The stream or file "%s" could not be opened in append mode: '.$this->errorMessage, $url) . Utils::getRecordMessageForException($record));
    147▕             }
    148▕             stream_set_chunk_size($stream, $this->streamChunkSize);
    149▕             $this->stream = $stream;
    150▕         }

      [2m+10 vendor frames [22m
  11  [internal]:0
      Illuminate\Foundation\Bootstrap\HandleExceptions::Illuminate\Foundation\Bootstrap\{closure}(Object(UnexpectedValueException))

   UnexpectedValueException 

  The stream or file "/var/www/html/storage/logs/laravel.log" could not be opened in append mode: Failed to open stream: Permission denied
The exception occurred while attempting to log: The stream or file "/var/www/html/storage/logs/laravel.log" could not be opened in append mode: Failed to open stream: Permission denied
The exception occurred while attempting to log: The stream or file "/var/www/html/storage/logs/laravel.log" could not be opened in append mode: Failed to open stream: Permission denied
The exception occurred while attempting to log: SQLSTATE[08006] [7] could not translate host name "pgsql" to address: Temporary failure in name resolution
Context: {"exception":{"errorInfo":["08006",7,"could not translate host name \"pgsql\" to address: Temporary failure in name resolution"]}}
Context: {"exception":{}}
Context: {"exception":{}}

  at vendor/monolog/monolog/src/Monolog/Handler/StreamHandler.php:146
    142▕             restore_error_handler();
    143▕             if (!is_resource($stream)) {
    144▕                 $this->stream = null;
    145▕ 
  ➜ 146▕                 throw new \UnexpectedValueException(sprintf('The stream or file "%s" could not be opened in append mode: '.$this->errorMessage, $url) . Utils::getRecordMessageForException($record));
    147▕             }
    148▕             stream_set_chunk_size($stream, $this->streamChunkSize);
    149▕             $this->stream = $stream;
    150▕         }

      [2m+10 vendor frames [22m
  11  [internal]:0
      Illuminate\Foundation\Bootstrap\HandleExceptions::Illuminate\Foundation\Bootstrap\{closure}(Object(UnexpectedValueException))

   UnexpectedValueException 

  The stream or file "/var/www/html/storage/logs/laravel.log" could not be opened in append mode: Failed to open stream: Permission denied
The exception occurred while attempting to log: The stream or file "/var/www/html/storage/logs/laravel.log" could not be opened in append mode: Failed to open stream: Permission denied
The exception occurred while attempting to log: The stream or file "/var/www/html/storage/logs/laravel.log" could not be opened in append mode: Failed to open stream: Permission denied
The exception occurred while attempting to log: SQLSTATE[08006] [7] could not translate host name "pgsql" to address: Temporary failure in name resolution
Context: {"exception":{"errorInfo":["08006",7,"could not translate host name \"pgsql\" to address: Temporary failure in name resolution"]}}
Context: {"exception":{}}
Context: {"exception":{}}

  at vendor/monolog/monolog/src/Monolog/Handler/StreamHandler.php:146
    142▕             restore_error_handler();
    143▕             if (!is_resource($stream)) {
    144▕                 $this->stream = null;
    145▕ 
  ➜ 146▕                 throw new \UnexpectedValueException(sprintf('The stream or file "%s" could not be opened in append mode: '.$this->errorMessage, $url) . Utils::getRecordMessageForException($record));
    147▕             }
    148▕             stream_set_chunk_size($stream, $this->streamChunkSize);
    149▕             $this->stream = $stream;
    150▕         }

      [2m+10 vendor frames [22m
  11  [internal]:0
      Illuminate\Foundation\Bootstrap\HandleExceptions::Illuminate\Foundation\Bootstrap\{closure}(Object(UnexpectedValueException))

   UnexpectedValueException 

  The stream or file "/var/www/html/storage/logs/laravel.log" could not be opened in append mode: Failed to open stream: Permission denied
The exception occurred while attempting to log: The stream or file "/var/www/html/storage/logs/laravel.log" could not be opened in append mode: Failed to open stream: Permission denied
The exception occurred while attempting to log: The stream or file "/var/www/html/storage/logs/laravel.log" could not be opened in append mode: Failed to open stream: Permission denied
The exception occurred while attempting to log: SQLSTATE[08006] [7] could not translate host name "pgsql" to address: Temporary failure in name resolution
Context: {"exception":{"errorInfo":["08006",7,"could not translate host name \"pgsql\" to address: Temporary failure in name resolution"]}}
Context: {"exception":{}}
Context: {"exception":{}}

  at vendor/monolog/monolog/src/Monolog/Handler/StreamHandler.php:146
    142▕             restore_error_handler();
    143▕             if (!is_resource($stream)) {
    144▕                 $this->stream = null;
    145▕ 
  ➜ 146▕                 throw new \UnexpectedValueException(sprintf('The stream or file "%s" could not be opened in append mode: '.$this->errorMessage, $url) . Utils::getRecordMessageForException($record));
    147▕             }
    148▕             stream_set_chunk_size($stream, $this->streamChunkSize);
    149▕             $this->stream = $stream;
    150▕         }

      [2m+10 vendor frames [22m
  11  [internal]:0
      Illuminate\Foundation\Bootstrap\HandleExceptions::Illuminate\Foundation\Bootstrap\{closure}(Object(UnexpectedValueException))

   UnexpectedValueException 

  The stream or file "/var/www/html/storage/logs/laravel.log" could not be opened in append mode: Failed to open stream: Permission denied
The exception occurred while attempting to log: The stream or file "/var/www/html/storage/logs/laravel.log" could not be opened in append mode: Failed to open stream: Permission denied
The exception occurred while attempting to log: The stream or file "/var/www/html/storage/logs/laravel.log" could not be opened in append mode: Failed to open stream: Permission denied
The exception occurred while attempting to log: SQLSTATE[08006] [7] could not translate host name "pgsql" to address: Temporary failure in name resolution
Context: {"exception":{"errorInfo":["08006",7,"could not translate host name \"pgsql\" to address: Temporary failure in name resolution"]}}
Context: {"exception":{}}
Context: {"exception":{}}

  at vendor/monolog/monolog/src/Monolog/Handler/StreamHandler.php:146
    142▕             restore_error_handler();
    143▕             if (!is_resource($stream)) {
    144▕                 $this->stream = null;
    145▕ 
  ➜ 146▕                 throw new \UnexpectedValueException(sprintf('The stream or file "%s" could not be opened in append mode: '.$this->errorMessage, $url) . Utils::getRecordMessageForException($record));
    147▕             }
    148▕             stream_set_chunk_size($stream, $this->streamChunkSize);
    149▕             $this->stream = $stream;
    150▕         }

      [2m+10 vendor frames [22m
  11  [internal]:0
      Illuminate\Foundation\Bootstrap\HandleExceptions::Illuminate\Foundation\Bootstrap\{closure}(Object(UnexpectedValueException))

   UnexpectedValueException 

  The stream or file "/var/www/html/storage/logs/laravel.log" could not be opened in append mode: Failed to open stream: Permission denied
The exception occurred while attempting to log: The stream or file "/var/www/html/storage/logs/laravel.log" could not be opened in append mode: Failed to open stream: Permission denied
The exception occurred while attempting to log: The stream or file "/var/www/html/storage/logs/laravel.log" could not be opened in append mode: Failed to open stream: Permission denied
The exception occurred while attempting to log: SQLSTATE[08006] [7] could not translate host name "pgsql" to address: Temporary failure in name resolution
Context: {"exception":{"errorInfo":["08006",7,"could not translate host name \"pgsql\" to address: Temporary failure in name resolution"]}}
Context: {"exception":{}}
Context: {"exception":{}}

  at vendor/monolog/monolog/src/Monolog/Handler/StreamHandler.php:146
    142▕             restore_error_handler();
    143▕             if (!is_resource($stream)) {
    144▕                 $this->stream = null;
    145▕ 
  ➜ 146▕                 throw new \UnexpectedValueException(sprintf('The stream or file "%s" could not be opened in append mode: '.$this->errorMessage, $url) . Utils::getRecordMessageForException($record));
    147▕             }
    148▕             stream_set_chunk_size($stream, $this->streamChunkSize);
    149▕             $this->stream = $stream;
    150▕         }

      [2m+10 vendor frames [22m
  11  [internal]:0
      Illuminate\Foundation\Bootstrap\HandleExceptions::Illuminate\Foundation\Bootstrap\{closure}(Object(UnexpectedValueException))

   UnexpectedValueException 

  The stream or file "/var/www/html/storage/logs/laravel.log" could not be opened in append mode: Failed to open stream: Permission denied
The exception occurred while attempting to log: The stream or file "/var/www/html/storage/logs/laravel.log" could not be opened in append mode: Failed to open stream: Permission denied
The exception occurred while attempting to log: The stream or file "/var/www/html/storage/logs/laravel.log" could not be opened in append mode: Failed to open stream: Permission denied
The exception occurred while attempting to log: SQLSTATE[08006] [7] could not translate host name "pgsql" to address: Temporary failure in name resolution
Context: {"exception":{"errorInfo":["08006",7,"could not translate host name \"pgsql\" to address: Temporary failure in name resolution"]}}
Context: {"exception":{}}
Context: {"exception":{}}

  at vendor/monolog/monolog/src/Monolog/Handler/StreamHandler.php:146
    142▕             restore_error_handler();
    143▕             if (!is_resource($stream)) {
    144▕                 $this->stream = null;
    145▕ 
  ➜ 146▕                 throw new \UnexpectedValueException(sprintf('The stream or file "%s" could not be opened in append mode: '.$this->errorMessage, $url) . Utils::getRecordMessageForException($record));
    147▕             }
    148▕             stream_set_chunk_size($stream, $this->streamChunkSize);
    149▕             $this->stream = $stream;
    150▕         }

      [2m+10 vendor frames [22m
  11  [internal]:0
      Illuminate\Foundation\Bootstrap\HandleExceptions::Illuminate\Foundation\Bootstrap\{closure}(Object(UnexpectedValueException))

   UnexpectedValueException 

  The stream or file "/var/www/html/storage/logs/laravel.log" could not be opened in append mode: Failed to open stream: Permission denied
The exception occurred while attempting to log: The stream or file "/var/www/html/storage/logs/laravel.log" could not be opened in append mode: Failed to open stream: Permission denied
The exception occurred while attempting to log: The stream or file "/var/www/html/storage/logs/laravel.log" could not be opened in append mode: Failed to open stream: Permission denied
The exception occurred while attempting to log: SQLSTATE[08006] [7] could not translate host name "pgsql" to address: Temporary failure in name resolution
Context: {"exception":{"errorInfo":["08006",7,"could not translate host name \"pgsql\" to address: Temporary failure in name resolution"]}}
Context: {"exception":{}}
Context: {"exception":{}}

  at vendor/monolog/monolog/src/Monolog/Handler/StreamHandler.php:146
    142▕             restore_error_handler();
    143▕             if (!is_resource($stream)) {
    144▕                 $this->stream = null;
    145▕ 
  ➜ 146▕                 throw new \UnexpectedValueException(sprintf('The stream or file "%s" could not be opened in append mode: '.$this->errorMessage, $url) . Utils::getRecordMessageForException($record));
    147▕             }
    148▕             stream_set_chunk_size($stream, $this->streamChunkSize);
    149▕             $this->stream = $stream;
    150▕         }

      [2m+10 vendor frames [22m
  11  [internal]:0
      Illuminate\Foundation\Bootstrap\HandleExceptions::Illuminate\Foundation\Bootstrap\{closure}(Object(UnexpectedValueException))

   UnexpectedValueException 

  The stream or file "/var/www/html/storage/logs/laravel.log" could not be opened in append mode: Failed to open stream: Permission denied
The exception occurred while attempting to log: The stream or file "/var/www/html/storage/logs/laravel.log" could not be opened in append mode: Failed to open stream: Permission denied
The exception occurred while attempting to log: The stream or file "/var/www/html/storage/logs/laravel.log" could not be opened in append mode: Failed to open stream: Permission denied
The exception occurred while attempting to log: SQLSTATE[08006] [7] could not translate host name "pgsql" to address: Temporary failure in name resolution
Context: {"exception":{"errorInfo":["08006",7,"could not translate host name \"pgsql\" to address: Temporary failure in name resolution"]}}
Context: {"exception":{}}
Context: {"exception":{}}

  at vendor/monolog/monolog/src/Monolog/Handler/StreamHandler.php:146
    142▕             restore_error_handler();
    143▕             if (!is_resource($stream)) {
    144▕                 $this->stream = null;
    145▕ 
  ➜ 146▕                 throw new \UnexpectedValueException(sprintf('The stream or file "%s" could not be opened in append mode: '.$this->errorMessage, $url) . Utils::getRecordMessageForException($record));
    147▕             }
    148▕             stream_set_chunk_size($stream, $this->streamChunkSize);
    149▕             $this->stream = $stream;
    150▕         }

      [2m+10 vendor frames [22m
  11  [internal]:0
      Illuminate\Foundation\Bootstrap\HandleExceptions::Illuminate\Foundation\Bootstrap\{closure}(Object(UnexpectedValueException))

   UnexpectedValueException 

  The stream or file "/var/www/html/storage/logs/laravel.log" could not be opened in append mode: Failed to open stream: Permission denied
The exception occurred while attempting to log: The stream or file "/var/www/html/storage/logs/laravel.log" could not be opened in append mode: Failed to open stream: Permission denied
The exception occurred while attempting to log: The stream or file "/var/www/html/storage/logs/laravel.log" could not be opened in append mode: Failed to open stream: Permission denied
The exception occurred while attempting to log: SQLSTATE[08006] [7] could not translate host name "pgsql" to address: Temporary failure in name resolution
Context: {"exception":{"errorInfo":["08006",7,"could not translate host name \"pgsql\" to address: Temporary failure in name resolution"]}}
Context: {"exception":{}}
Context: {"exception":{}}

  at vendor/monolog/monolog/src/Monolog/Handler/StreamHandler.php:146
    142▕             restore_error_handler();
    143▕             if (!is_resource($stream)) {
    144▕                 $this->stream = null;
    145▕ 
  ➜ 146▕                 throw new \UnexpectedValueException(sprintf('The stream or file "%s" could not be opened in append mode: '.$this->errorMessage, $url) . Utils::getRecordMessageForException($record));
    147▕             }
    148▕             stream_set_chunk_size($stream, $this->streamChunkSize);
    149▕             $this->stream = $stream;
    150▕         }

      [2m+10 vendor frames [22m
  11  [internal]:0
      Illuminate\Foundation\Bootstrap\HandleExceptions::Illuminate\Foundation\Bootstrap\{closure}(Object(UnexpectedValueException))

   UnexpectedValueException 

  The stream or file "/var/www/html/storage/logs/laravel.log" could not be opened in append mode: Failed to open stream: Permission denied
The exception occurred while attempting to log: The stream or file "/var/www/html/storage/logs/laravel.log" could not be opened in append mode: Failed to open stream: Permission denied
The exception occurred while attempting to log: The stream or file "/var/www/html/storage/logs/laravel.log" could not be opened in append mode: Failed to open stream: Permission denied
The exception occurred while attempting to log: SQLSTATE[08006] [7] could not translate host name "pgsql" to address: Temporary failure in name resolution
Context: {"exception":{"errorInfo":["08006",7,"could not translate host name \"pgsql\" to address: Temporary failure in name resolution"]}}
Context: {"exception":{}}
Context: {"exception":{}}

  at vendor/monolog/monolog/src/Monolog/Handler/StreamHandler.php:146
    142▕             restore_error_handler();
    143▕             if (!is_resource($stream)) {
    144▕                 $this->stream = null;
    145▕ 
  ➜ 146▕                 throw new \UnexpectedValueException(sprintf('The stream or file "%s" could not be opened in append mode: '.$this->errorMessage, $url) . Utils::getRecordMessageForException($record));
    147▕             }
    148▕             stream_set_chunk_size($stream, $this->streamChunkSize);
    149▕             $this->stream = $stream;
    150▕         }

      [2m+10 vendor frames [22m
  11  [internal]:0
      Illuminate\Foundation\Bootstrap\HandleExceptions::Illuminate\Foundation\Bootstrap\{closure}(Object(UnexpectedValueException))

   UnexpectedValueException 

  The stream or file "/var/www/html/storage/logs/laravel.log" could not be opened in append mode: Failed to open stream: Permission denied
The exception occurred while attempting to log: The stream or file "/var/www/html/storage/logs/laravel.log" could not be opened in append mode: Failed to open stream: Permission denied
The exception occurred while attempting to log: The stream or file "/var/www/html/storage/logs/laravel.log" could not be opened in append mode: Failed to open stream: Permission denied
The exception occurred while attempting to log: SQLSTATE[08006] [7] could not translate host name "pgsql" to address: Temporary failure in name resolution
Context: {"exception":{"errorInfo":["08006",7,"could not translate host name \"pgsql\" to address: Temporary failure in name resolution"]}}
Context: {"exception":{}}
Context: {"exception":{}}

  at vendor/monolog/monolog/src/Monolog/Handler/StreamHandler.php:146
    142▕             restore_error_handler();
    143▕             if (!is_resource($stream)) {
    144▕                 $this->stream = null;
    145▕ 
  ➜ 146▕                 throw new \UnexpectedValueException(sprintf('The stream or file "%s" could not be opened in append mode: '.$this->errorMessage, $url) . Utils::getRecordMessageForException($record));
    147▕             }
    148▕             stream_set_chunk_size($stream, $this->streamChunkSize);
    149▕             $this->stream = $stream;
    150▕         }

      [2m+10 vendor frames [22m
  11  [internal]:0
      Illuminate\Foundation\Bootstrap\HandleExceptions::Illuminate\Foundation\Bootstrap\{closure}(Object(UnexpectedValueException))

   UnexpectedValueException 

  The stream or file "/var/www/html/storage/logs/laravel.log" could not be opened in append mode: Failed to open stream: Permission denied
The exception occurred while attempting to log: The stream or file "/var/www/html/storage/logs/laravel.log" could not be opened in append mode: Failed to open stream: Permission denied
The exception occurred while attempting to log: The stream or file "/var/www/html/storage/logs/laravel.log" could not be opened in append mode: Failed to open stream: Permission denied
The exception occurred while attempting to log: SQLSTATE[08006] [7] could not translate host name "pgsql" to address: Temporary failure in name resolution
Context: {"exception":{"errorInfo":["08006",7,"could not translate host name \"pgsql\" to address: Temporary failure in name resolution"]}}
Context: {"exception":{}}
Context: {"exception":{}}

  at vendor/monolog/monolog/src/Monolog/Handler/StreamHandler.php:146
    142▕             restore_error_handler();
    143▕             if (!is_resource($stream)) {
    144▕                 $this->stream = null;
    145▕ 
  ➜ 146▕                 throw new \UnexpectedValueException(sprintf('The stream or file "%s" could not be opened in append mode: '.$this->errorMessage, $url) . Utils::getRecordMessageForException($record));
    147▕             }
    148▕             stream_set_chunk_size($stream, $this->streamChunkSize);
    149▕             $this->stream = $stream;
    150▕         }

      [2m+10 vendor frames [22m
  11  [internal]:0
      Illuminate\Foundation\Bootstrap\HandleExceptions::Illuminate\Foundation\Bootstrap\{closure}(Object(UnexpectedValueException))

   UnexpectedValueException 

  The stream or file "/var/www/html/storage/logs/laravel.log" could not be opened in append mode: Failed to open stream: Permission denied
The exception occurred while attempting to log: The stream or file "/var/www/html/storage/logs/laravel.log" could not be opened in append mode: Failed to open stream: Permission denied
The exception occurred while attempting to log: The stream or file "/var/www/html/storage/logs/laravel.log" could not be opened in append mode: Failed to open stream: Permission denied
The exception occurred while attempting to log: SQLSTATE[08006] [7] could not translate host name "pgsql" to address: Temporary failure in name resolution
Context: {"exception":{"errorInfo":["08006",7,"could not translate host name \"pgsql\" to address: Temporary failure in name resolution"]}}
Context: {"exception":{}}
Context: {"exception":{}}

  at vendor/monolog/monolog/src/Monolog/Handler/StreamHandler.php:146
    142▕             restore_error_handler();
    143▕             if (!is_resource($stream)) {
    144▕                 $this->stream = null;
    145▕ 
  ➜ 146▕                 throw new \UnexpectedValueException(sprintf('The stream or file "%s" could not be opened in append mode: '.$this->errorMessage, $url) . Utils::getRecordMessageForException($record));
    147▕             }
    148▕             stream_set_chunk_size($stream, $this->streamChunkSize);
    149▕             $this->stream = $stream;
    150▕         }

      [2m+10 vendor frames [22m
  11  [internal]:0
      Illuminate\Foundation\Bootstrap\HandleExceptions::Illuminate\Foundation\Bootstrap\{closure}(Object(UnexpectedValueException))

   UnexpectedValueException 

  The stream or file "/var/www/html/storage/logs/laravel.log" could not be opened in append mode: Failed to open stream: Permission denied
The exception occurred while attempting to log: The stream or file "/var/www/html/storage/logs/laravel.log" could not be opened in append mode: Failed to open stream: Permission denied
The exception occurred while attempting to log: The stream or file "/var/www/html/storage/logs/laravel.log" could not be opened in append mode: Failed to open stream: Permission denied
The exception occurred while attempting to log: SQLSTATE[08006] [7] could not translate host name "pgsql" to address: Temporary failure in name resolution
Context: {"exception":{"errorInfo":["08006",7,"could not translate host name \"pgsql\" to address: Temporary failure in name resolution"]}}
Context: {"exception":{}}
Context: {"exception":{}}

  at vendor/monolog/monolog/src/Monolog/Handler/StreamHandler.php:146
    142▕             restore_error_handler();
    143▕             if (!is_resource($stream)) {
    144▕                 $this->stream = null;
    145▕ 
  ➜ 146▕                 throw new \UnexpectedValueException(sprintf('The stream or file "%s" could not be opened in append mode: '.$this->errorMessage, $url) . Utils::getRecordMessageForException($record));
    147▕             }
    148▕             stream_set_chunk_size($stream, $this->streamChunkSize);
    149▕             $this->stream = $stream;
    150▕         }

      [2m+10 vendor frames [22m
  11  [internal]:0
      Illuminate\Foundation\Bootstrap\HandleExceptions::Illuminate\Foundation\Bootstrap\{closure}(Object(UnexpectedValueException))

   UnexpectedValueException 

  The stream or file "/var/www/html/storage/logs/laravel.log" could not be opened in append mode: Failed to open stream: Permission denied
The exception occurred while attempting to log: The stream or file "/var/www/html/storage/logs/laravel.log" could not be opened in append mode: Failed to open stream: Permission denied
The exception occurred while attempting to log: The stream or file "/var/www/html/storage/logs/laravel.log" could not be opened in append mode: Failed to open stream: Permission denied
The exception occurred while attempting to log: SQLSTATE[08006] [7] could not translate host name "pgsql" to address: Temporary failure in name resolution
Context: {"exception":{"errorInfo":["08006",7,"could not translate host name \"pgsql\" to address: Temporary failure in name resolution"]}}
Context: {"exception":{}}
Context: {"exception":{}}

  at vendor/monolog/monolog/src/Monolog/Handler/StreamHandler.php:146
    142▕             restore_error_handler();
    143▕             if (!is_resource($stream)) {
    144▕                 $this->stream = null;
    145▕ 
  ➜ 146▕                 throw new \UnexpectedValueException(sprintf('The stream or file "%s" could not be opened in append mode: '.$this->errorMessage, $url) . Utils::getRecordMessageForException($record));
    147▕             }
    148▕             stream_set_chunk_size($stream, $this->streamChunkSize);
    149▕             $this->stream = $stream;
    150▕         }

      [2m+10 vendor frames [22m
  11  [internal]:0
      Illuminate\Foundation\Bootstrap\HandleExceptions::Illuminate\Foundation\Bootstrap\{closure}(Object(UnexpectedValueException))

   UnexpectedValueException 

  The stream or file "/var/www/html/storage/logs/laravel.log" could not be opened in append mode: Failed to open stream: Permission denied
The exception occurred while attempting to log: The stream or file "/var/www/html/storage/logs/laravel.log" could not be opened in append mode: Failed to open stream: Permission denied
The exception occurred while attempting to log: The stream or file "/var/www/html/storage/logs/laravel.log" could not be opened in append mode: Failed to open stream: Permission denied
The exception occurred while attempting to log: SQLSTATE[08006] [7] could not translate host name "pgsql" to address: Temporary failure in name resolution
Context: {"exception":{"errorInfo":["08006",7,"could not translate host name \"pgsql\" to address: Temporary failure in name resolution"]}}
Context: {"exception":{}}
Context: {"exception":{}}

  at vendor/monolog/monolog/src/Monolog/Handler/StreamHandler.php:146
    142▕             restore_error_handler();
    143▕             if (!is_resource($stream)) {
    144▕                 $this->stream = null;
    145▕ 
  ➜ 146▕                 throw new \UnexpectedValueException(sprintf('The stream or file "%s" could not be opened in append mode: '.$this->errorMessage, $url) . Utils::getRecordMessageForException($record));
    147▕             }
    148▕             stream_set_chunk_size($stream, $this->streamChunkSize);
    149▕             $this->stream = $stream;
    150▕         }

      [2m+10 vendor frames [22m
  11  [internal]:0
      Illuminate\Foundation\Bootstrap\HandleExceptions::Illuminate\Foundation\Bootstrap\{closure}(Object(UnexpectedValueException))

   UnexpectedValueException 

  The stream or file "/var/www/html/storage/logs/laravel.log" could not be opened in append mode: Failed to open stream: Permission denied
The exception occurred while attempting to log: The stream or file "/var/www/html/storage/logs/laravel.log" could not be opened in append mode: Failed to open stream: Permission denied
The exception occurred while attempting to log: The stream or file "/var/www/html/storage/logs/laravel.log" could not be opened in append mode: Failed to open stream: Permission denied
The exception occurred while attempting to log: SQLSTATE[08006] [7] could not translate host name "pgsql" to address: Temporary failure in name resolution
Context: {"exception":{"errorInfo":["08006",7,"could not translate host name \"pgsql\" to address: Temporary failure in name resolution"]}}
Context: {"exception":{}}
Context: {"exception":{}}

  at vendor/monolog/monolog/src/Monolog/Handler/StreamHandler.php:146
    142▕             restore_error_handler();
    143▕             if (!is_resource($stream)) {
    144▕                 $this->stream = null;
    145▕ 
  ➜ 146▕                 throw new \UnexpectedValueException(sprintf('The stream or file "%s" could not be opened in append mode: '.$this->errorMessage, $url) . Utils::getRecordMessageForException($record));
    147▕             }
    148▕             stream_set_chunk_size($stream, $this->streamChunkSize);
    149▕             $this->stream = $stream;
    150▕         }

      [2m+10 vendor frames [22m
  11  [internal]:0
      Illuminate\Foundation\Bootstrap\HandleExceptions::Illuminate\Foundation\Bootstrap\{closure}(Object(UnexpectedValueException))

   UnexpectedValueException 

  The stream or file "/var/www/html/storage/logs/laravel.log" could not be opened in append mode: Failed to open stream: Permission denied
The exception occurred while attempting to log: The stream or file "/var/www/html/storage/logs/laravel.log" could not be opened in append mode: Failed to open stream: Permission denied
The exception occurred while attempting to log: The stream or file "/var/www/html/storage/logs/laravel.log" could not be opened in append mode: Failed to open stream: Permission denied
The exception occurred while attempting to log: SQLSTATE[08006] [7] could not translate host name "pgsql" to address: Temporary failure in name resolution
Context: {"exception":{"errorInfo":["08006",7,"could not translate host name \"pgsql\" to address: Temporary failure in name resolution"]}}
Context: {"exception":{}}
Context: {"exception":{}}

  at vendor/monolog/monolog/src/Monolog/Handler/StreamHandler.php:146
    142▕             restore_error_handler();
    143▕             if (!is_resource($stream)) {
    144▕                 $this->stream = null;
    145▕ 
  ➜ 146▕                 throw new \UnexpectedValueException(sprintf('The stream or file "%s" could not be opened in append mode: '.$this->errorMessage, $url) . Utils::getRecordMessageForException($record));
    147▕             }
    148▕             stream_set_chunk_size($stream, $this->streamChunkSize);
    149▕             $this->stream = $stream;
    150▕         }

      [2m+10 vendor frames [22m
  11  [internal]:0
      Illuminate\Foundation\Bootstrap\HandleExceptions::Illuminate\Foundation\Bootstrap\{closure}(Object(UnexpectedValueException))

   UnexpectedValueException 

  The stream or file "/var/www/html/storage/logs/laravel.log" could not be opened in append mode: Failed to open stream: Permission denied
The exception occurred while attempting to log: The stream or file "/var/www/html/storage/logs/laravel.log" could not be opened in append mode: Failed to open stream: Permission denied
The exception occurred while attempting to log: The stream or file "/var/www/html/storage/logs/laravel.log" could not be opened in append mode: Failed to open stream: Permission denied
The exception occurred while attempting to log: SQLSTATE[08006] [7] could not translate host name "pgsql" to address: Temporary failure in name resolution
Context: {"exception":{"errorInfo":["08006",7,"could not translate host name \"pgsql\" to address: Temporary failure in name resolution"]}}
Context: {"exception":{}}
Context: {"exception":{}}

  at vendor/monolog/monolog/src/Monolog/Handler/StreamHandler.php:146
    142▕             restore_error_handler();
    143▕             if (!is_resource($stream)) {
    144▕                 $this->stream = null;
    145▕ 
  ➜ 146▕                 throw new \UnexpectedValueException(sprintf('The stream or file "%s" could not be opened in append mode: '.$this->errorMessage, $url) . Utils::getRecordMessageForException($record));
    147▕             }
    148▕             stream_set_chunk_size($stream, $this->streamChunkSize);
    149▕             $this->stream = $stream;
    150▕         }

      [2m+10 vendor frames [22m
  11  [internal]:0
      Illuminate\Foundation\Bootstrap\HandleExceptions::Illuminate\Foundation\Bootstrap\{closure}(Object(UnexpectedValueException))

   UnexpectedValueException 

  The stream or file "/var/www/html/storage/logs/laravel.log" could not be opened in append mode: Failed to open stream: Permission denied
The exception occurred while attempting to log: The stream or file "/var/www/html/storage/logs/laravel.log" could not be opened in append mode: Failed to open stream: Permission denied
The exception occurred while attempting to log: The stream or file "/var/www/html/storage/logs/laravel.log" could not be opened in append mode: Failed to open stream: Permission denied
The exception occurred while attempting to log: SQLSTATE[08006] [7] could not translate host name "pgsql" to address: Temporary failure in name resolution
Context: {"exception":{"errorInfo":["08006",7,"could not translate host name \"pgsql\" to address: Temporary failure in name resolution"]}}
Context: {"exception":{}}
Context: {"exception":{}}

  at vendor/monolog/monolog/src/Monolog/Handler/StreamHandler.php:146
    142▕             restore_error_handler();
    143▕             if (!is_resource($stream)) {
    144▕                 $this->stream = null;
    145▕ 
  ➜ 146▕                 throw new \UnexpectedValueException(sprintf('The stream or file "%s" could not be opened in append mode: '.$this->errorMessage, $url) . Utils::getRecordMessageForException($record));
    147▕             }
    148▕             stream_set_chunk_size($stream, $this->streamChunkSize);
    149▕             $this->stream = $stream;
    150▕         }

      [2m+10 vendor frames [22m
  11  [internal]:0
      Illuminate\Foundation\Bootstrap\HandleExceptions::Illuminate\Foundation\Bootstrap\{closure}(Object(UnexpectedValueException))

   UnexpectedValueException 

  The stream or file "/var/www/html/storage/logs/laravel.log" could not be opened in append mode: Failed to open stream: Permission denied
The exception occurred while attempting to log: The stream or file "/var/www/html/storage/logs/laravel.log" could not be opened in append mode: Failed to open stream: Permission denied
The exception occurred while attempting to log: The stream or file "/var/www/html/storage/logs/laravel.log" could not be opened in append mode: Failed to open stream: Permission denied
The exception occurred while attempting to log: SQLSTATE[08006] [7] could not translate host name "pgsql" to address: Temporary failure in name resolution
Context: {"exception":{"errorInfo":["08006",7,"could not translate host name \"pgsql\" to address: Temporary failure in name resolution"]}}
Context: {"exception":{}}
Context: {"exception":{}}

  at vendor/monolog/monolog/src/Monolog/Handler/StreamHandler.php:146
    142▕             restore_error_handler();
    143▕             if (!is_resource($stream)) {
    144▕                 $this->stream = null;
    145▕ 
  ➜ 146▕                 throw new \UnexpectedValueException(sprintf('The stream or file "%s" could not be opened in append mode: '.$this->errorMessage, $url) . Utils::getRecordMessageForException($record));
    147▕             }
    148▕             stream_set_chunk_size($stream, $this->streamChunkSize);
    149▕             $this->stream = $stream;
    150▕         }

      [2m+10 vendor frames [22m
  11  [internal]:0
      Illuminate\Foundation\Bootstrap\HandleExceptions::Illuminate\Foundation\Bootstrap\{closure}(Object(UnexpectedValueException))

   UnexpectedValueException 

  The stream or file "/var/www/html/storage/logs/laravel.log" could not be opened in append mode: Failed to open stream: Permission denied
The exception occurred while attempting to log: The stream or file "/var/www/html/storage/logs/laravel.log" could not be opened in append mode: Failed to open stream: Permission denied
The exception occurred while attempting to log: The stream or file "/var/www/html/storage/logs/laravel.log" could not be opened in append mode: Failed to open stream: Permission denied
The exception occurred while attempting to log: SQLSTATE[08006] [7] could not translate host name "pgsql" to address: Temporary failure in name resolution
Context: {"exception":{"errorInfo":["08006",7,"could not translate host name \"pgsql\" to address: Temporary failure in name resolution"]}}
Context: {"exception":{}}
Context: {"exception":{}}

  at vendor/monolog/monolog/src/Monolog/Handler/StreamHandler.php:146
    142▕             restore_error_handler();
    143▕             if (!is_resource($stream)) {
    144▕                 $this->stream = null;
    145▕ 
  ➜ 146▕                 throw new \UnexpectedValueException(sprintf('The stream or file "%s" could not be opened in append mode: '.$this->errorMessage, $url) . Utils::getRecordMessageForException($record));
    147▕             }
    148▕             stream_set_chunk_size($stream, $this->streamChunkSize);
    149▕             $this->stream = $stream;
    150▕         }

      [2m+10 vendor frames [22m
  11  [internal]:0
      Illuminate\Foundation\Bootstrap\HandleExceptions::Illuminate\Foundation\Bootstrap\{closure}(Object(UnexpectedValueException))

   UnexpectedValueException 

  The stream or file "/var/www/html/storage/logs/laravel.log" could not be opened in append mode: Failed to open stream: Permission denied
The exception occurred while attempting to log: The stream or file "/var/www/html/storage/logs/laravel.log" could not be opened in append mode: Failed to open stream: Permission denied
The exception occurred while attempting to log: The stream or file "/var/www/html/storage/logs/laravel.log" could not be opened in append mode: Failed to open stream: Permission denied
The exception occurred while attempting to log: SQLSTATE[08006] [7] could not translate host name "pgsql" to address: Temporary failure in name resolution
Context: {"exception":{"errorInfo":["08006",7,"could not translate host name \"pgsql\" to address: Temporary failure in name resolution"]}}
Context: {"exception":{}}
Context: {"exception":{}}

  at vendor/monolog/monolog/src/Monolog/Handler/StreamHandler.php:146
    142▕             restore_error_handler();
    143▕             if (!is_resource($stream)) {
    144▕                 $this->stream = null;
    145▕ 
  ➜ 146▕                 throw new \UnexpectedValueException(sprintf('The stream or file "%s" could not be opened in append mode: '.$this->errorMessage, $url) . Utils::getRecordMessageForException($record));
    147▕             }
    148▕             stream_set_chunk_size($stream, $this->streamChunkSize);
    149▕             $this->stream = $stream;
    150▕         }

      [2m+10 vendor frames [22m
  11  [internal]:0
      Illuminate\Foundation\Bootstrap\HandleExceptions::Illuminate\Foundation\Bootstrap\{closure}(Object(UnexpectedValueException))

   UnexpectedValueException 

  The stream or file "/var/www/html/storage/logs/laravel.log" could not be opened in append mode: Failed to open stream: Permission denied
The exception occurred while attempting to log: The stream or file "/var/www/html/storage/logs/laravel.log" could not be opened in append mode: Failed to open stream: Permission denied
The exception occurred while attempting to log: The stream or file "/var/www/html/storage/logs/laravel.log" could not be opened in append mode: Failed to open stream: Permission denied
The exception occurred while attempting to log: SQLSTATE[08006] [7] could not translate host name "pgsql" to address: Temporary failure in name resolution
Context: {"exception":{"errorInfo":["08006",7,"could not translate host name \"pgsql\" to address: Temporary failure in name resolution"]}}
Context: {"exception":{}}
Context: {"exception":{}}

  at vendor/monolog/monolog/src/Monolog/Handler/StreamHandler.php:146
    142▕             restore_error_handler();
    143▕             if (!is_resource($stream)) {
    144▕                 $this->stream = null;
    145▕ 
  ➜ 146▕                 throw new \UnexpectedValueException(sprintf('The stream or file "%s" could not be opened in append mode: '.$this->errorMessage, $url) . Utils::getRecordMessageForException($record));
    147▕             }
    148▕             stream_set_chunk_size($stream, $this->streamChunkSize);
    149▕             $this->stream = $stream;
    150▕         }

      [2m+10 vendor frames [22m
  11  [internal]:0
      Illuminate\Foundation\Bootstrap\HandleExceptions::Illuminate\Foundation\Bootstrap\{closure}(Object(UnexpectedValueException))

   UnexpectedValueException 

  The stream or file "/var/www/html/storage/logs/laravel.log" could not be opened in append mode: Failed to open stream: Permission denied
The exception occurred while attempting to log: The stream or file "/var/www/html/storage/logs/laravel.log" could not be opened in append mode: Failed to open stream: Permission denied
The exception occurred while attempting to log: The stream or file "/var/www/html/storage/logs/laravel.log" could not be opened in append mode: Failed to open stream: Permission denied
The exception occurred while attempting to log: SQLSTATE[08006] [7] could not translate host name "pgsql" to address: Temporary failure in name resolution
Context: {"exception":{"errorInfo":["08006",7,"could not translate host name \"pgsql\" to address: Temporary failure in name resolution"]}}
Context: {"exception":{}}
Context: {"exception":{}}

  at vendor/monolog/monolog/src/Monolog/Handler/StreamHandler.php:146
    142▕             restore_error_handler();
    143▕             if (!is_resource($stream)) {
    144▕                 $this->stream = null;
    145▕ 
  ➜ 146▕                 throw new \UnexpectedValueException(sprintf('The stream or file "%s" could not be opened in append mode: '.$this->errorMessage, $url) . Utils::getRecordMessageForException($record));
    147▕             }
    148▕             stream_set_chunk_size($stream, $this->streamChunkSize);
    149▕             $this->stream = $stream;
    150▕         }

      [2m+10 vendor frames [22m
  11  [internal]:0
      Illuminate\Foundation\Bootstrap\HandleExceptions::Illuminate\Foundation\Bootstrap\{closure}(Object(UnexpectedValueException))

   UnexpectedValueException 

  The stream or file "/var/www/html/storage/logs/laravel.log" could not be opened in append mode: Failed to open stream: Permission denied
The exception occurred while attempting to log: The stream or file "/var/www/html/storage/logs/laravel.log" could not be opened in append mode: Failed to open stream: Permission denied
The exception occurred while attempting to log: The stream or file "/var/www/html/storage/logs/laravel.log" could not be opened in append mode: Failed to open stream: Permission denied
The exception occurred while attempting to log: SQLSTATE[08006] [7] could not translate host name "pgsql" to address: Temporary failure in name resolution
Context: {"exception":{"errorInfo":["08006",7,"could not translate host name \"pgsql\" to address: Temporary failure in name resolution"]}}
Context: {"exception":{}}
Context: {"exception":{}}

  at vendor/monolog/monolog/src/Monolog/Handler/StreamHandler.php:146
    142▕             restore_error_handler();
    143▕             if (!is_resource($stream)) {
    144▕                 $this->stream = null;
    145▕ 
  ➜ 146▕                 throw new \UnexpectedValueException(sprintf('The stream or file "%s" could not be opened in append mode: '.$this->errorMessage, $url) . Utils::getRecordMessageForException($record));
    147▕             }
    148▕             stream_set_chunk_size($stream, $this->streamChunkSize);
    149▕             $this->stream = $stream;
    150▕         }

      [2m+10 vendor frames [22m
  11  [internal]:0
      Illuminate\Foundation\Bootstrap\HandleExceptions::Illuminate\Foundation\Bootstrap\{closure}(Object(UnexpectedValueException))

   UnexpectedValueException 

  The stream or file "/var/www/html/storage/logs/laravel.log" could not be opened in append mode: Failed to open stream: Permission denied
The exception occurred while attempting to log: The stream or file "/var/www/html/storage/logs/laravel.log" could not be opened in append mode: Failed to open stream: Permission denied
The exception occurred while attempting to log: The stream or file "/var/www/html/storage/logs/laravel.log" could not be opened in append mode: Failed to open stream: Permission denied
The exception occurred while attempting to log: SQLSTATE[08006] [7] could not translate host name "pgsql" to address: Temporary failure in name resolution
Context: {"exception":{"errorInfo":["08006",7,"could not translate host name \"pgsql\" to address: Temporary failure in name resolution"]}}
Context: {"exception":{}}
Context: {"exception":{}}

  at vendor/monolog/monolog/src/Monolog/Handler/StreamHandler.php:146
    142▕             restore_error_handler();
    143▕             if (!is_resource($stream)) {
    144▕                 $this->stream = null;
    145▕ 
  ➜ 146▕                 throw new \UnexpectedValueException(sprintf('The stream or file "%s" could not be opened in append mode: '.$this->errorMessage, $url) . Utils::getRecordMessageForException($record));
    147▕             }
    148▕             stream_set_chunk_size($stream, $this->streamChunkSize);
    149▕             $this->stream = $stream;
    150▕         }

      [2m+10 vendor frames [22m
  11  [internal]:0
      Illuminate\Foundation\Bootstrap\HandleExceptions::Illuminate\Foundation\Bootstrap\{closure}(Object(UnexpectedValueException))

   UnexpectedValueException 

  The stream or file "/var/www/html/storage/logs/laravel.log" could not be opened in append mode: Failed to open stream: Permission denied
The exception occurred while attempting to log: The stream or file "/var/www/html/storage/logs/laravel.log" could not be opened in append mode: Failed to open stream: Permission denied
The exception occurred while attempting to log: The stream or file "/var/www/html/storage/logs/laravel.log" could not be opened in append mode: Failed to open stream: Permission denied
The exception occurred while attempting to log: SQLSTATE[08006] [7] could not translate host name "pgsql" to address: Temporary failure in name resolution
Context: {"exception":{"errorInfo":["08006",7,"could not translate host name \"pgsql\" to address: Temporary failure in name resolution"]}}
Context: {"exception":{}}
Context: {"exception":{}}

  at vendor/monolog/monolog/src/Monolog/Handler/StreamHandler.php:146
    142▕             restore_error_handler();
    143▕             if (!is_resource($stream)) {
    144▕                 $this->stream = null;
    145▕ 
  ➜ 146▕                 throw new \UnexpectedValueException(sprintf('The stream or file "%s" could not be opened in append mode: '.$this->errorMessage, $url) . Utils::getRecordMessageForException($record));
    147▕             }
    148▕             stream_set_chunk_size($stream, $this->streamChunkSize);
    149▕             $this->stream = $stream;
    150▕         }

      [2m+10 vendor frames [22m
  11  [internal]:0
      Illuminate\Foundation\Bootstrap\HandleExceptions::Illuminate\Foundation\Bootstrap\{closure}(Object(UnexpectedValueException))

   UnexpectedValueException 

  The stream or file "/var/www/html/storage/logs/laravel.log" could not be opened in append mode: Failed to open stream: Permission denied
The exception occurred while attempting to log: The stream or file "/var/www/html/storage/logs/laravel.log" could not be opened in append mode: Failed to open stream: Permission denied
The exception occurred while attempting to log: The stream or file "/var/www/html/storage/logs/laravel.log" could not be opened in append mode: Failed to open stream: Permission denied
The exception occurred while attempting to log: SQLSTATE[08006] [7] could not translate host name "pgsql" to address: Temporary failure in name resolution
Context: {"exception":{"errorInfo":["08006",7,"could not translate host name \"pgsql\" to address: Temporary failure in name resolution"]}}
Context: {"exception":{}}
Context: {"exception":{}}

  at vendor/monolog/monolog/src/Monolog/Handler/StreamHandler.php:146
    142▕             restore_error_handler();
    143▕             if (!is_resource($stream)) {
    144▕                 $this->stream = null;
    145▕ 
  ➜ 146▕                 throw new \UnexpectedValueException(sprintf('The stream or file "%s" could not be opened in append mode: '.$this->errorMessage, $url) . Utils::getRecordMessageForException($record));
    147▕             }
    148▕             stream_set_chunk_size($stream, $this->streamChunkSize);
    149▕             $this->stream = $stream;
    150▕         }

      [2m+10 vendor frames [22m
  11  [internal]:0
      Illuminate\Foundation\Bootstrap\HandleExceptions::Illuminate\Foundation\Bootstrap\{closure}(Object(UnexpectedValueException))

   UnexpectedValueException 

  The stream or file "/var/www/html/storage/logs/laravel.log" could not be opened in append mode: Failed to open stream: Permission denied
The exception occurred while attempting to log: The stream or file "/var/www/html/storage/logs/laravel.log" could not be opened in append mode: Failed to open stream: Permission denied
The exception occurred while attempting to log: The stream or file "/var/www/html/storage/logs/laravel.log" could not be opened in append mode: Failed to open stream: Permission denied
The exception occurred while attempting to log: SQLSTATE[08006] [7] could not translate host name "pgsql" to address: Temporary failure in name resolution
Context: {"exception":{"errorInfo":["08006",7,"could not translate host name \"pgsql\" to address: Temporary failure in name resolution"]}}
Context: {"exception":{}}
Context: {"exception":{}}

  at vendor/monolog/monolog/src/Monolog/Handler/StreamHandler.php:146
    142▕             restore_error_handler();
    143▕             if (!is_resource($stream)) {
    144▕                 $this->stream = null;
    145▕ 
  ➜ 146▕                 throw new \UnexpectedValueException(sprintf('The stream or file "%s" could not be opened in append mode: '.$this->errorMessage, $url) . Utils::getRecordMessageForException($record));
    147▕             }
    148▕             stream_set_chunk_size($stream, $this->streamChunkSize);
    149▕             $this->stream = $stream;
    150▕         }

      [2m+10 vendor frames [22m
  11  [internal]:0
      Illuminate\Foundation\Bootstrap\HandleExceptions::Illuminate\Foundation\Bootstrap\{closure}(Object(UnexpectedValueException))

   UnexpectedValueException 

  The stream or file "/var/www/html/storage/logs/laravel.log" could not be opened in append mode: Failed to open stream: Permission denied
The exception occurred while attempting to log: The stream or file "/var/www/html/storage/logs/laravel.log" could not be opened in append mode: Failed to open stream: Permission denied
The exception occurred while attempting to log: The stream or file "/var/www/html/storage/logs/laravel.log" could not be opened in append mode: Failed to open stream: Permission denied
The exception occurred while attempting to log: SQLSTATE[08006] [7] could not translate host name "pgsql" to address: Temporary failure in name resolution
Context: {"exception":{"errorInfo":["08006",7,"could not translate host name \"pgsql\" to address: Temporary failure in name resolution"]}}
Context: {"exception":{}}
Context: {"exception":{}}

  at vendor/monolog/monolog/src/Monolog/Handler/StreamHandler.php:146
    142▕             restore_error_handler();
    143▕             if (!is_resource($stream)) {
    144▕                 $this->stream = null;
    145▕ 
  ➜ 146▕                 throw new \UnexpectedValueException(sprintf('The stream or file "%s" could not be opened in append mode: '.$this->errorMessage, $url) . Utils::getRecordMessageForException($record));
    147▕             }
    148▕             stream_set_chunk_size($stream, $this->streamChunkSize);
    149▕             $this->stream = $stream;
    150▕         }

      [2m+10 vendor frames [22m
  11  [internal]:0
      Illuminate\Foundation\Bootstrap\HandleExceptions::Illuminate\Foundation\Bootstrap\{closure}(Object(UnexpectedValueException))

   UnexpectedValueException 

  The stream or file "/var/www/html/storage/logs/laravel.log" could not be opened in append mode: Failed to open stream: Permission denied
The exception occurred while attempting to log: The stream or file "/var/www/html/storage/logs/laravel.log" could not be opened in append mode: Failed to open stream: Permission denied
The exception occurred while attempting to log: The stream or file "/var/www/html/storage/logs/laravel.log" could not be opened in append mode: Failed to open stream: Permission denied
The exception occurred while attempting to log: SQLSTATE[08006] [7] could not translate host name "pgsql" to address: Temporary failure in name resolution
Context: {"exception":{"errorInfo":["08006",7,"could not translate host name \"pgsql\" to address: Temporary failure in name resolution"]}}
Context: {"exception":{}}
Context: {"exception":{}}

  at vendor/monolog/monolog/src/Monolog/Handler/StreamHandler.php:146
    142▕             restore_error_handler();
    143▕             if (!is_resource($stream)) {
    144▕                 $this->stream = null;
    145▕ 
  ➜ 146▕                 throw new \UnexpectedValueException(sprintf('The stream or file "%s" could not be opened in append mode: '.$this->errorMessage, $url) . Utils::getRecordMessageForException($record));
    147▕             }
    148▕             stream_set_chunk_size($stream, $this->streamChunkSize);
    149▕             $this->stream = $stream;
    150▕         }

      [2m+10 vendor frames [22m
  11  [internal]:0
      Illuminate\Foundation\Bootstrap\HandleExceptions::Illuminate\Foundation\Bootstrap\{closure}(Object(UnexpectedValueException))

   UnexpectedValueException 

  The stream or file "/var/www/html/storage/logs/laravel.log" could not be opened in append mode: Failed to open stream: Permission denied
The exception occurred while attempting to log: The stream or file "/var/www/html/storage/logs/laravel.log" could not be opened in append mode: Failed to open stream: Permission denied
The exception occurred while attempting to log: The stream or file "/var/www/html/storage/logs/laravel.log" could not be opened in append mode: Failed to open stream: Permission denied
The exception occurred while attempting to log: SQLSTATE[08006] [7] could not translate host name "pgsql" to address: Temporary failure in name resolution
Context: {"exception":{"errorInfo":["08006",7,"could not translate host name \"pgsql\" to address: Temporary failure in name resolution"]}}
Context: {"exception":{}}
Context: {"exception":{}}

  at vendor/monolog/monolog/src/Monolog/Handler/StreamHandler.php:146
    142▕             restore_error_handler();
    143▕             if (!is_resource($stream)) {
    144▕                 $this->stream = null;
    145▕ 
  ➜ 146▕                 throw new \UnexpectedValueException(sprintf('The stream or file "%s" could not be opened in append mode: '.$this->errorMessage, $url) . Utils::getRecordMessageForException($record));
    147▕             }
    148▕             stream_set_chunk_size($stream, $this->streamChunkSize);
    149▕             $this->stream = $stream;
    150▕         }

      [2m+10 vendor frames [22m
  11  [internal]:0
      Illuminate\Foundation\Bootstrap\HandleExceptions::Illuminate\Foundation\Bootstrap\{closure}(Object(UnexpectedValueException))

   UnexpectedValueException 

  The stream or file "/var/www/html/storage/logs/laravel.log" could not be opened in append mode: Failed to open stream: Permission denied
The exception occurred while attempting to log: The stream or file "/var/www/html/storage/logs/laravel.log" could not be opened in append mode: Failed to open stream: Permission denied
The exception occurred while attempting to log: The stream or file "/var/www/html/storage/logs/laravel.log" could not be opened in append mode: Failed to open stream: Permission denied
The exception occurred while attempting to log: SQLSTATE[08006] [7] could not translate host name "pgsql" to address: Temporary failure in name resolution
Context: {"exception":{"errorInfo":["08006",7,"could not translate host name \"pgsql\" to address: Temporary failure in name resolution"]}}
Context: {"exception":{}}
Context: {"exception":{}}

  at vendor/monolog/monolog/src/Monolog/Handler/StreamHandler.php:146
    142▕             restore_error_handler();
    143▕             if (!is_resource($stream)) {
    144▕                 $this->stream = null;
    145▕ 
  ➜ 146▕                 throw new \UnexpectedValueException(sprintf('The stream or file "%s" could not be opened in append mode: '.$this->errorMessage, $url) . Utils::getRecordMessageForException($record));
    147▕             }
    148▕             stream_set_chunk_size($stream, $this->streamChunkSize);
    149▕             $this->stream = $stream;
    150▕         }

      [2m+10 vendor frames [22m
  11  [internal]:0
      Illuminate\Foundation\Bootstrap\HandleExceptions::Illuminate\Foundation\Bootstrap\{closure}(Object(UnexpectedValueException))

   UnexpectedValueException 

  The stream or file "/var/www/html/storage/logs/laravel.log" could not be opened in append mode: Failed to open stream: Permission denied
The exception occurred while attempting to log: The stream or file "/var/www/html/storage/logs/laravel.log" could not be opened in append mode: Failed to open stream: Permission denied
The exception occurred while attempting to log: The stream or file "/var/www/html/storage/logs/laravel.log" could not be opened in append mode: Failed to open stream: Permission denied
The exception occurred while attempting to log: SQLSTATE[08006] [7] could not translate host name "pgsql" to address: Temporary failure in name resolution
Context: {"exception":{"errorInfo":["08006",7,"could not translate host name \"pgsql\" to address: Temporary failure in name resolution"]}}
Context: {"exception":{}}
Context: {"exception":{}}

  at vendor/monolog/monolog/src/Monolog/Handler/StreamHandler.php:146
    142▕             restore_error_handler();
    143▕             if (!is_resource($stream)) {
    144▕                 $this->stream = null;
    145▕ 
  ➜ 146▕                 throw new \UnexpectedValueException(sprintf('The stream or file "%s" could not be opened in append mode: '.$this->errorMessage, $url) . Utils::getRecordMessageForException($record));
    147▕             }
    148▕             stream_set_chunk_size($stream, $this->streamChunkSize);
    149▕             $this->stream = $stream;
    150▕         }

      [2m+10 vendor frames [22m
  11  [internal]:0
      Illuminate\Foundation\Bootstrap\HandleExceptions::Illuminate\Foundation\Bootstrap\{closure}(Object(UnexpectedValueException))

   UnexpectedValueException 

  The stream or file "/var/www/html/storage/logs/laravel.log" could not be opened in append mode: Failed to open stream: Permission denied
The exception occurred while attempting to log: The stream or file "/var/www/html/storage/logs/laravel.log" could not be opened in append mode: Failed to open stream: Permission denied
The exception occurred while attempting to log: The stream or file "/var/www/html/storage/logs/laravel.log" could not be opened in append mode: Failed to open stream: Permission denied
The exception occurred while attempting to log: SQLSTATE[08006] [7] could not translate host name "pgsql" to address: Temporary failure in name resolution
Context: {"exception":{"errorInfo":["08006",7,"could not translate host name \"pgsql\" to address: Temporary failure in name resolution"]}}
Context: {"exception":{}}
Context: {"exception":{}}

  at vendor/monolog/monolog/src/Monolog/Handler/StreamHandler.php:146
    142▕             restore_error_handler();
    143▕             if (!is_resource($stream)) {
    144▕                 $this->stream = null;
    145▕ 
  ➜ 146▕                 throw new \UnexpectedValueException(sprintf('The stream or file "%s" could not be opened in append mode: '.$this->errorMessage, $url) . Utils::getRecordMessageForException($record));
    147▕             }
    148▕             stream_set_chunk_size($stream, $this->streamChunkSize);
    149▕             $this->stream = $stream;
    150▕         }

      [2m+10 vendor frames [22m
  11  [internal]:0
      Illuminate\Foundation\Bootstrap\HandleExceptions::Illuminate\Foundation\Bootstrap\{closure}(Object(UnexpectedValueException))

   UnexpectedValueException 

  The stream or file "/var/www/html/storage/logs/laravel.log" could not be opened in append mode: Failed to open stream: Permission denied
The exception occurred while attempting to log: The stream or file "/var/www/html/storage/logs/laravel.log" could not be opened in append mode: Failed to open stream: Permission denied
The exception occurred while attempting to log: The stream or file "/var/www/html/storage/logs/laravel.log" could not be opened in append mode: Failed to open stream: Permission denied
The exception occurred while attempting to log: SQLSTATE[08006] [7] could not translate host name "pgsql" to address: Temporary failure in name resolution
Context: {"exception":{"errorInfo":["08006",7,"could not translate host name \"pgsql\" to address: Temporary failure in name resolution"]}}
Context: {"exception":{}}
Context: {"exception":{}}

  at vendor/monolog/monolog/src/Monolog/Handler/StreamHandler.php:146
    142▕             restore_error_handler();
    143▕             if (!is_resource($stream)) {
    144▕                 $this->stream = null;
    145▕ 
  ➜ 146▕                 throw new \UnexpectedValueException(sprintf('The stream or file "%s" could not be opened in append mode: '.$this->errorMessage, $url) . Utils::getRecordMessageForException($record));
    147▕             }
    148▕             stream_set_chunk_size($stream, $this->streamChunkSize);
    149▕             $this->stream = $stream;
    150▕         }

      [2m+10 vendor frames [22m
  11  [internal]:0
      Illuminate\Foundation\Bootstrap\HandleExceptions::Illuminate\Foundation\Bootstrap\{closure}(Object(UnexpectedValueException))

   UnexpectedValueException 

  The stream or file "/var/www/html/storage/logs/laravel.log" could not be opened in append mode: Failed to open stream: Permission denied
The exception occurred while attempting to log: The stream or file "/var/www/html/storage/logs/laravel.log" could not be opened in append mode: Failed to open stream: Permission denied
The exception occurred while attempting to log: The stream or file "/var/www/html/storage/logs/laravel.log" could not be opened in append mode: Failed to open stream: Permission denied
The exception occurred while attempting to log: SQLSTATE[08006] [7] could not translate host name "pgsql" to address: Temporary failure in name resolution
Context: {"exception":{"errorInfo":["08006",7,"could not translate host name \"pgsql\" to address: Temporary failure in name resolution"]}}
Context: {"exception":{}}
Context: {"exception":{}}

  at vendor/monolog/monolog/src/Monolog/Handler/StreamHandler.php:146
    142▕             restore_error_handler();
    143▕             if (!is_resource($stream)) {
    144▕                 $this->stream = null;
    145▕ 
  ➜ 146▕                 throw new \UnexpectedValueException(sprintf('The stream or file "%s" could not be opened in append mode: '.$this->errorMessage, $url) . Utils::getRecordMessageForException($record));
    147▕             }
    148▕             stream_set_chunk_size($stream, $this->streamChunkSize);
    149▕             $this->stream = $stream;
    150▕         }

      [2m+10 vendor frames [22m
  11  [internal]:0
      Illuminate\Foundation\Bootstrap\HandleExceptions::Illuminate\Foundation\Bootstrap\{closure}(Object(UnexpectedValueException))

   UnexpectedValueException 

  The stream or file "/var/www/html/storage/logs/laravel.log" could not be opened in append mode: Failed to open stream: Permission denied
The exception occurred while attempting to log: The stream or file "/var/www/html/storage/logs/laravel.log" could not be opened in append mode: Failed to open stream: Permission denied
The exception occurred while attempting to log: The stream or file "/var/www/html/storage/logs/laravel.log" could not be opened in append mode: Failed to open stream: Permission denied
The exception occurred while attempting to log: SQLSTATE[08006] [7] could not translate host name "pgsql" to address: Temporary failure in name resolution
Context: {"exception":{"errorInfo":["08006",7,"could not translate host name \"pgsql\" to address: Temporary failure in name resolution"]}}
Context: {"exception":{}}
Context: {"exception":{}}

  at vendor/monolog/monolog/src/Monolog/Handler/StreamHandler.php:146
    142▕             restore_error_handler();
    143▕             if (!is_resource($stream)) {
    144▕                 $this->stream = null;
    145▕ 
  ➜ 146▕                 throw new \UnexpectedValueException(sprintf('The stream or file "%s" could not be opened in append mode: '.$this->errorMessage, $url) . Utils::getRecordMessageForException($record));
    147▕             }
    148▕             stream_set_chunk_size($stream, $this->streamChunkSize);
    149▕             $this->stream = $stream;
    150▕         }

      [2m+10 vendor frames [22m
  11  [internal]:0
      Illuminate\Foundation\Bootstrap\HandleExceptions::Illuminate\Foundation\Bootstrap\{closure}(Object(UnexpectedValueException))

   UnexpectedValueException 

  The stream or file "/var/www/html/storage/logs/laravel.log" could not be opened in append mode: Failed to open stream: Permission denied
The exception occurred while attempting to log: The stream or file "/var/www/html/storage/logs/laravel.log" could not be opened in append mode: Failed to open stream: Permission denied
The exception occurred while attempting to log: The stream or file "/var/www/html/storage/logs/laravel.log" could not be opened in append mode: Failed to open stream: Permission denied
The exception occurred while attempting to log: SQLSTATE[08006] [7] could not translate host name "pgsql" to address: Temporary failure in name resolution
Context: {"exception":{"errorInfo":["08006",7,"could not translate host name \"pgsql\" to address: Temporary failure in name resolution"]}}
Context: {"exception":{}}
Context: {"exception":{}}

  at vendor/monolog/monolog/src/Monolog/Handler/StreamHandler.php:146
    142▕             restore_error_handler();
    143▕             if (!is_resource($stream)) {
    144▕                 $this->stream = null;
    145▕ 
  ➜ 146▕                 throw new \UnexpectedValueException(sprintf('The stream or file "%s" could not be opened in append mode: '.$this->errorMessage, $url) . Utils::getRecordMessageForException($record));
    147▕             }
    148▕             stream_set_chunk_size($stream, $this->streamChunkSize);
    149▕             $this->stream = $stream;
    150▕         }

      [2m+10 vendor frames [22m
  11  [internal]:0
      Illuminate\Foundation\Bootstrap\HandleExceptions::Illuminate\Foundation\Bootstrap\{closure}(Object(UnexpectedValueException))

   UnexpectedValueException 

  The stream or file "/var/www/html/storage/logs/laravel.log" could not be opened in append mode: Failed to open stream: Permission denied
The exception occurred while attempting to log: The stream or file "/var/www/html/storage/logs/laravel.log" could not be opened in append mode: Failed to open stream: Permission denied
The exception occurred while attempting to log: The stream or file "/var/www/html/storage/logs/laravel.log" could not be opened in append mode: Failed to open stream: Permission denied
The exception occurred while attempting to log: SQLSTATE[08006] [7] could not translate host name "pgsql" to address: Temporary failure in name resolution
Context: {"exception":{"errorInfo":["08006",7,"could not translate host name \"pgsql\" to address: Temporary failure in name resolution"]}}
Context: {"exception":{}}
Context: {"exception":{}}

  at vendor/monolog/monolog/src/Monolog/Handler/StreamHandler.php:146
    142▕             restore_error_handler();
    143▕             if (!is_resource($stream)) {
    144▕                 $this->stream = null;
    145▕ 
  ➜ 146▕                 throw new \UnexpectedValueException(sprintf('The stream or file "%s" could not be opened in append mode: '.$this->errorMessage, $url) . Utils::getRecordMessageForException($record));
    147▕             }
    148▕             stream_set_chunk_size($stream, $this->streamChunkSize);
    149▕             $this->stream = $stream;
    150▕         }

      [2m+10 vendor frames [22m
  11  [internal]:0
      Illuminate\Foundation\Bootstrap\HandleExceptions::Illuminate\Foundation\Bootstrap\{closure}(Object(UnexpectedValueException))

   UnexpectedValueException 

  The stream or file "/var/www/html/storage/logs/laravel.log" could not be opened in append mode: Failed to open stream: Permission denied
The exception occurred while attempting to log: The stream or file "/var/www/html/storage/logs/laravel.log" could not be opened in append mode: Failed to open stream: Permission denied
The exception occurred while attempting to log: The stream or file "/var/www/html/storage/logs/laravel.log" could not be opened in append mode: Failed to open stream: Permission denied
The exception occurred while attempting to log: SQLSTATE[08006] [7] could not translate host name "pgsql" to address: Temporary failure in name resolution
Context: {"exception":{"errorInfo":["08006",7,"could not translate host name \"pgsql\" to address: Temporary failure in name resolution"]}}
Context: {"exception":{}}
Context: {"exception":{}}

  at vendor/monolog/monolog/src/Monolog/Handler/StreamHandler.php:146
    142▕             restore_error_handler();
    143▕             if (!is_resource($stream)) {
    144▕                 $this->stream = null;
    145▕ 
  ➜ 146▕                 throw new \UnexpectedValueException(sprintf('The stream or file "%s" could not be opened in append mode: '.$this->errorMessage, $url) . Utils::getRecordMessageForException($record));
    147▕             }
    148▕             stream_set_chunk_size($stream, $this->streamChunkSize);
    149▕             $this->stream = $stream;
    150▕         }

      [2m+10 vendor frames [22m
  11  [internal]:0
      Illuminate\Foundation\Bootstrap\HandleExceptions::Illuminate\Foundation\Bootstrap\{closure}(Object(UnexpectedValueException))

   UnexpectedValueException 

  The stream or file "/var/www/html/storage/logs/laravel.log" could not be opened in append mode: Failed to open stream: Permission denied
The exception occurred while attempting to log: The stream or file "/var/www/html/storage/logs/laravel.log" could not be opened in append mode: Failed to open stream: Permission denied
The exception occurred while attempting to log: The stream or file "/var/www/html/storage/logs/laravel.log" could not be opened in append mode: Failed to open stream: Permission denied
The exception occurred while attempting to log: SQLSTATE[08006] [7] could not translate host name "pgsql" to address: Temporary failure in name resolution
Context: {"exception":{"errorInfo":["08006",7,"could not translate host name \"pgsql\" to address: Temporary failure in name resolution"]}}
Context: {"exception":{}}
Context: {"exception":{}}

  at vendor/monolog/monolog/src/Monolog/Handler/StreamHandler.php:146
    142▕             restore_error_handler();
    143▕             if (!is_resource($stream)) {
    144▕                 $this->stream = null;
    145▕ 
  ➜ 146▕                 throw new \UnexpectedValueException(sprintf('The stream or file "%s" could not be opened in append mode: '.$this->errorMessage, $url) . Utils::getRecordMessageForException($record));
    147▕             }
    148▕             stream_set_chunk_size($stream, $this->streamChunkSize);
    149▕             $this->stream = $stream;
    150▕         }

      [2m+10 vendor frames [22m
  11  [internal]:0
      Illuminate\Foundation\Bootstrap\HandleExceptions::Illuminate\Foundation\Bootstrap\{closure}(Object(UnexpectedValueException))

   UnexpectedValueException 

  The stream or file "/var/www/html/storage/logs/laravel.log" could not be opened in append mode: Failed to open stream: Permission denied
The exception occurred while attempting to log: The stream or file "/var/www/html/storage/logs/laravel.log" could not be opened in append mode: Failed to open stream: Permission denied
The exception occurred while attempting to log: The stream or file "/var/www/html/storage/logs/laravel.log" could not be opened in append mode: Failed to open stream: Permission denied
The exception occurred while attempting to log: SQLSTATE[08006] [7] could not translate host name "pgsql" to address: Temporary failure in name resolution
Context: {"exception":{"errorInfo":["08006",7,"could not translate host name \"pgsql\" to address: Temporary failure in name resolution"]}}
Context: {"exception":{}}
Context: {"exception":{}}

  at vendor/monolog/monolog/src/Monolog/Handler/StreamHandler.php:146
    142▕             restore_error_handler();
    143▕             if (!is_resource($stream)) {
    144▕                 $this->stream = null;
    145▕ 
  ➜ 146▕                 throw new \UnexpectedValueException(sprintf('The stream or file "%s" could not be opened in append mode: '.$this->errorMessage, $url) . Utils::getRecordMessageForException($record));
    147▕             }
    148▕             stream_set_chunk_size($stream, $this->streamChunkSize);
    149▕             $this->stream = $stream;
    150▕         }

      [2m+10 vendor frames [22m
  11  [internal]:0
      Illuminate\Foundation\Bootstrap\HandleExceptions::Illuminate\Foundation\Bootstrap\{closure}(Object(UnexpectedValueException))

   UnexpectedValueException 

  The stream or file "/var/www/html/storage/logs/laravel.log" could not be opened in append mode: Failed to open stream: Permission denied
The exception occurred while attempting to log: The stream or file "/var/www/html/storage/logs/laravel.log" could not be opened in append mode: Failed to open stream: Permission denied
The exception occurred while attempting to log: The stream or file "/var/www/html/storage/logs/laravel.log" could not be opened in append mode: Failed to open stream: Permission denied
The exception occurred while attempting to log: SQLSTATE[08006] [7] could not translate host name "pgsql" to address: Temporary failure in name resolution
Context: {"exception":{"errorInfo":["08006",7,"could not translate host name \"pgsql\" to address: Temporary failure in name resolution"]}}
Context: {"exception":{}}
Context: {"exception":{}}

  at vendor/monolog/monolog/src/Monolog/Handler/StreamHandler.php:146
    142▕             restore_error_handler();
    143▕             if (!is_resource($stream)) {
    144▕                 $this->stream = null;
    145▕ 
  ➜ 146▕                 throw new \UnexpectedValueException(sprintf('The stream or file "%s" could not be opened in append mode: '.$this->errorMessage, $url) . Utils::getRecordMessageForException($record));
    147▕             }
    148▕             stream_set_chunk_size($stream, $this->streamChunkSize);
    149▕             $this->stream = $stream;
    150▕         }

      [2m+10 vendor frames [22m
  11  [internal]:0
      Illuminate\Foundation\Bootstrap\HandleExceptions::Illuminate\Foundation\Bootstrap\{closure}(Object(UnexpectedValueException))

   UnexpectedValueException 

  The stream or file "/var/www/html/storage/logs/laravel.log" could not be opened in append mode: Failed to open stream: Permission denied
The exception occurred while attempting to log: The stream or file "/var/www/html/storage/logs/laravel.log" could not be opened in append mode: Failed to open stream: Permission denied
The exception occurred while attempting to log: The stream or file "/var/www/html/storage/logs/laravel.log" could not be opened in append mode: Failed to open stream: Permission denied
The exception occurred while attempting to log: SQLSTATE[08006] [7] could not translate host name "pgsql" to address: Temporary failure in name resolution
Context: {"exception":{"errorInfo":["08006",7,"could not translate host name \"pgsql\" to address: Temporary failure in name resolution"]}}
Context: {"exception":{}}
Context: {"exception":{}}

  at vendor/monolog/monolog/src/Monolog/Handler/StreamHandler.php:146
    142▕             restore_error_handler();
    143▕             if (!is_resource($stream)) {
    144▕                 $this->stream = null;
    145▕ 
  ➜ 146▕                 throw new \UnexpectedValueException(sprintf('The stream or file "%s" could not be opened in append mode: '.$this->errorMessage, $url) . Utils::getRecordMessageForException($record));
    147▕             }
    148▕             stream_set_chunk_size($stream, $this->streamChunkSize);
    149▕             $this->stream = $stream;
    150▕         }

      [2m+10 vendor frames [22m
  11  [internal]:0
      Illuminate\Foundation\Bootstrap\HandleExceptions::Illuminate\Foundation\Bootstrap\{closure}(Object(UnexpectedValueException))

   UnexpectedValueException 

  The stream or file "/var/www/html/storage/logs/laravel.log" could not be opened in append mode: Failed to open stream: Permission denied
The exception occurred while attempting to log: The stream or file "/var/www/html/storage/logs/laravel.log" could not be opened in append mode: Failed to open stream: Permission denied
The exception occurred while attempting to log: The stream or file "/var/www/html/storage/logs/laravel.log" could not be opened in append mode: Failed to open stream: Permission denied
The exception occurred while attempting to log: SQLSTATE[08006] [7] could not translate host name "pgsql" to address: Temporary failure in name resolution
Context: {"exception":{"errorInfo":["08006",7,"could not translate host name \"pgsql\" to address: Temporary failure in name resolution"]}}
Context: {"exception":{}}
Context: {"exception":{}}

  at vendor/monolog/monolog/src/Monolog/Handler/StreamHandler.php:146
    142▕             restore_error_handler();
    143▕             if (!is_resource($stream)) {
    144▕                 $this->stream = null;
    145▕ 
  ➜ 146▕                 throw new \UnexpectedValueException(sprintf('The stream or file "%s" could not be opened in append mode: '.$this->errorMessage, $url) . Utils::getRecordMessageForException($record));
    147▕             }
    148▕             stream_set_chunk_size($stream, $this->streamChunkSize);
    149▕             $this->stream = $stream;
    150▕         }

      [2m+10 vendor frames [22m
  11  [internal]:0
      Illuminate\Foundation\Bootstrap\HandleExceptions::Illuminate\Foundation\Bootstrap\{closure}(Object(UnexpectedValueException))

   UnexpectedValueException 

  The stream or file "/var/www/html/storage/logs/laravel.log" could not be opened in append mode: Failed to open stream: Permission denied
The exception occurred while attempting to log: The stream or file "/var/www/html/storage/logs/laravel.log" could not be opened in append mode: Failed to open stream: Permission denied
The exception occurred while attempting to log: The stream or file "/var/www/html/storage/logs/laravel.log" could not be opened in append mode: Failed to open stream: Permission denied
The exception occurred while attempting to log: SQLSTATE[08006] [7] could not translate host name "pgsql" to address: Temporary failure in name resolution
Context: {"exception":{"errorInfo":["08006",7,"could not translate host name \"pgsql\" to address: Temporary failure in name resolution"]}}
Context: {"exception":{}}
Context: {"exception":{}}

  at vendor/monolog/monolog/src/Monolog/Handler/StreamHandler.php:146
    142▕             restore_error_handler();
    143▕             if (!is_resource($stream)) {
    144▕                 $this->stream = null;
    145▕ 
  ➜ 146▕                 throw new \UnexpectedValueException(sprintf('The stream or file "%s" could not be opened in append mode: '.$this->errorMessage, $url) . Utils::getRecordMessageForException($record));
    147▕             }
    148▕             stream_set_chunk_size($stream, $this->streamChunkSize);
    149▕             $this->stream = $stream;
    150▕         }

      [2m+10 vendor frames [22m
  11  [internal]:0
      Illuminate\Foundation\Bootstrap\HandleExceptions::Illuminate\Foundation\Bootstrap\{closure}(Object(UnexpectedValueException))

   UnexpectedValueException 

  The stream or file "/var/www/html/storage/logs/laravel.log" could not be opened in append mode: Failed to open stream: Permission denied
The exception occurred while attempting to log: The stream or file "/var/www/html/storage/logs/laravel.log" could not be opened in append mode: Failed to open stream: Permission denied
The exception occurred while attempting to log: The stream or file "/var/www/html/storage/logs/laravel.log" could not be opened in append mode: Failed to open stream: Permission denied
The exception occurred while attempting to log: SQLSTATE[08006] [7] could not translate host name "pgsql" to address: Temporary failure in name resolution
Context: {"exception":{"errorInfo":["08006",7,"could not translate host name \"pgsql\" to address: Temporary failure in name resolution"]}}
Context: {"exception":{}}
Context: {"exception":{}}

  at vendor/monolog/monolog/src/Monolog/Handler/StreamHandler.php:146
    142▕             restore_error_handler();
    143▕             if (!is_resource($stream)) {
    144▕                 $this->stream = null;
    145▕ 
  ➜ 146▕                 throw new \UnexpectedValueException(sprintf('The stream or file "%s" could not be opened in append mode: '.$this->errorMessage, $url) . Utils::getRecordMessageForException($record));
    147▕             }
    148▕             stream_set_chunk_size($stream, $this->streamChunkSize);
    149▕             $this->stream = $stream;
    150▕         }

      [2m+10 vendor frames [22m
  11  [internal]:0
      Illuminate\Foundation\Bootstrap\HandleExceptions::Illuminate\Foundation\Bootstrap\{closure}(Object(UnexpectedValueException))
